Terminals unused in grammar

   T_NEQ
   T_List


State 120 conflicts: 2 shift/reduce


Grammar

    0 $accept: StartDebugger $end

    1 $@1: %empty

    2 StartDebugger: $@1 StartParse T_EndOfFile

    3 constant: T_Number
    4         | T_String

    5 term: T_ID
    6     | constant
    7     | list_index

    8 list_index: T_ID T_OB constant T_CB

    9 StartParse: T_NL StartParse

   10 $@2: %empty

   11 StartParse: finalStatements T_NL $@2 StartParse
   12           | finalStatements T_NL

   13 basic_stmt: pass_stmt
   14           | break_stmt
   15           | import_stmt
   16           | assign_stmt
   17           | arith_exp
   18           | bool_exp
   19           | print_stmt
   20           | return_stmt

   21 arith_exp: term
   22          | arith_exp T_PL arith_exp
   23          | arith_exp T_MN arith_exp
   24          | arith_exp T_ML arith_exp
   25          | arith_exp T_DV arith_exp
   26          | T_MN arith_exp
   27          | T_OP arith_exp T_CP

   28 bool_exp: bool_term T_Or bool_term
   29         | arith_exp T_LT arith_exp
   30         | bool_term T_And bool_term
   31         | arith_exp T_GT arith_exp
   32         | arith_exp T_ELT arith_exp
   33         | arith_exp T_EGT arith_exp
   34         | arith_exp T_In T_ID
   35         | bool_term

   36 bool_term: bool_factor
   37          | arith_exp T_EQ arith_exp
   38          | T_True
   39          | T_False

   40 bool_factor: T_Not bool_factor
   41            | T_OP bool_exp T_CP

   42 import_stmt: T_Import T_ID

   43 pass_stmt: T_Pass

   44 break_stmt: T_Break

   45 return_stmt: T_Return

   46 assign_stmt: T_ID T_EQL arith_exp
   47            | T_ID T_EQL bool_exp
   48            | T_ID T_EQL func_call
   49            | T_ID T_EQL T_OB T_CB

   50 print_stmt: T_Print T_OP term T_CP

   51 finalStatements: basic_stmt
   52                | cmpd_stmt
   53                | func_def
   54                | func_call
   55                | error T_NL

   56 cmpd_stmt: if_stmt
   57          | while_stmt
   58          | for_stmt

   59 if_stmt: T_If bool_exp T_Cln start_suite
   60        | T_If bool_exp T_Cln start_suite elif_stmts

   61 elif_stmts: else_stmt
   62           | T_Elif bool_exp T_Cln start_suite elif_stmts

   63 else_stmt: T_Else T_Cln start_suite

   64 while_stmt: T_While bool_exp T_Cln start_suite

   65 for_stmt: T_For T_ID T_In iterable T_Cln start_suite

   66 iterable: T_Range T_OP constant T_Comma constant T_CP

   67 start_suite: basic_stmt

   68 $@3: %empty

   69 start_suite: T_NL ID $@3 finalStatements suite

   70 suite: T_NL ND finalStatements suite
   71      | T_NL end_suite

   72 $@4: %empty

   73 end_suite: DD $@4 finalStatements

   74 $@5: %empty

   75 end_suite: DD $@5
   76          | %empty

   77 $@6: %empty

   78 args: T_ID $@6 args_list
   79     | %empty

   80 $@7: %empty

   81 args_list: T_Comma T_ID $@7 args_list
   82          | %empty

   83 $@8: %empty

   84 call_list: T_Comma term $@8 call_list
   85          | %empty

   86 $@9: %empty

   87 call_args: T_ID $@9 call_list

   88 $@10: %empty

   89 call_args: T_Number $@10 call_list

   90 $@11: %empty

   91 call_args: T_String $@11 call_list
   92          | %empty

   93 $@12: %empty

   94 func_def: T_Def T_ID $@12 T_OP args T_CP T_Cln start_suite

   95 func_call: T_ID T_OP call_args T_CP


Terminals, with rules where they appear

$end (0) 0
error (256) 55
T_EndOfFile (258) 2
T_Return (259) 45
T_Number (260) 3 89
T_True (261) 38
T_False (262) 39
T_ID (263) 5 8 34 42 46 47 48 49 65 78 81 87 94 95
T_Print (264) 50
T_Cln (265) 59 60 62 63 64 65 94
T_NL (266) 9 11 12 55 69 70 71
T_EQL (267) 46 47 48 49
T_NEQ (268)
T_EQ (269) 37
T_GT (270) 31
T_LT (271) 29
T_EGT (272) 33
T_ELT (273) 32
T_Or (274) 28
T_And (275) 30
T_Not (276) 40
T_In (277) 34 65
ID (278) 69
ND (279) 70
DD (280) 73 75
T_String (281) 4 91
T_If (282) 59 60
T_Elif (283) 62
T_While (284) 64
T_Else (285) 63
T_Import (286) 42
T_Break (287) 44
T_Pass (288) 43
T_MN (289) 23 26
T_PL (290) 22
T_DV (291) 25
T_ML (292) 24
T_OP (293) 27 41 50 66 94 95
T_CP (294) 27 41 50 66 94 95
T_OB (295) 8 49
T_CB (296) 8 49
T_Def (297) 94
T_Comma (298) 66 81 84
T_List (299)
T_For (300) 65
T_Range (301) 66


Nonterminals, with rules where they appear

$accept (47)
    on left: 0
StartDebugger (48)
    on left: 2, on right: 0
$@1 (49)
    on left: 1, on right: 2
constant (50)
    on left: 3 4, on right: 6 8 66
term (51)
    on left: 5 6 7, on right: 21 50 84
list_index (52)
    on left: 8, on right: 7
StartParse (53)
    on left: 9 11 12, on right: 2 9 11
$@2 (54)
    on left: 10, on right: 11
basic_stmt (55)
    on left: 13 14 15 16 17 18 19 20, on right: 51 67
arith_exp (56)
    on left: 21 22 23 24 25 26 27, on right: 17 22 23 24 25 26 27 29
    31 32 33 34 37 46
bool_exp (57)
    on left: 28 29 30 31 32 33 34 35, on right: 18 41 47 59 60 62 64
bool_term (58)
    on left: 36 37 38 39, on right: 28 30 35
bool_factor (59)
    on left: 40 41, on right: 36 40
import_stmt (60)
    on left: 42, on right: 15
pass_stmt (61)
    on left: 43, on right: 13
break_stmt (62)
    on left: 44, on right: 14
return_stmt (63)
    on left: 45, on right: 20
assign_stmt (64)
    on left: 46 47 48 49, on right: 16
print_stmt (65)
    on left: 50, on right: 19
finalStatements (66)
    on left: 51 52 53 54 55, on right: 11 12 69 70 73
cmpd_stmt (67)
    on left: 56 57 58, on right: 52
if_stmt (68)
    on left: 59 60, on right: 56
elif_stmts (69)
    on left: 61 62, on right: 60 62
else_stmt (70)
    on left: 63, on right: 61
while_stmt (71)
    on left: 64, on right: 57
for_stmt (72)
    on left: 65, on right: 58
iterable (73)
    on left: 66, on right: 65
start_suite (74)
    on left: 67 69, on right: 59 60 62 63 64 65 94
$@3 (75)
    on left: 68, on right: 69
suite (76)
    on left: 70 71, on right: 69 70
end_suite (77)
    on left: 73 75 76, on right: 71
$@4 (78)
    on left: 72, on right: 73
$@5 (79)
    on left: 74, on right: 75
args (80)
    on left: 78 79, on right: 94
$@6 (81)
    on left: 77, on right: 78
args_list (82)
    on left: 81 82, on right: 78 81
$@7 (83)
    on left: 80, on right: 81
call_list (84)
    on left: 84 85, on right: 84 87 89 91
$@8 (85)
    on left: 83, on right: 84
call_args (86)
    on left: 87 89 91 92, on right: 95
$@9 (87)
    on left: 86, on right: 87
$@10 (88)
    on left: 88, on right: 89
$@11 (89)
    on left: 90, on right: 91
func_def (90)
    on left: 94, on right: 53
$@12 (91)
    on left: 93, on right: 94
func_call (92)
    on left: 95, on right: 48 54


State 0

    0 $accept: . StartDebugger $end

    $default  reduce using rule 1 ($@1)

    StartDebugger  go to state 1
    $@1            go to state 2


State 1

    0 $accept: StartDebugger . $end

    $end  shift, and go to state 3


State 2

    2 StartDebugger: $@1 . StartParse T_EndOfFile

    error     shift, and go to state 4
    T_Return  shift, and go to state 5
    T_Number  shift, and go to state 6
    T_True    shift, and go to state 7
    T_False   shift, and go to state 8
    T_ID      shift, and go to state 9
    T_Print   shift, and go to state 10
    T_NL      shift, and go to state 11
    T_Not     shift, and go to state 12
    T_String  shift, and go to state 13
    T_If      shift, and go to state 14
    T_While   shift, and go to state 15
    T_Import  shift, and go to state 16
    T_Break   shift, and go to state 17
    T_Pass    shift, and go to state 18
    T_MN      shift, and go to state 19
    T_OP      shift, and go to state 20
    T_Def     shift, and go to state 21
    T_For     shift, and go to state 22

    constant         go to state 23
    term             go to state 24
    list_index       go to state 25
    StartParse       go to state 26
    basic_stmt       go to state 27
    arith_exp        go to state 28
    bool_exp         go to state 29
    bool_term        go to state 30
    bool_factor      go to state 31
    import_stmt      go to state 32
    pass_stmt        go to state 33
    break_stmt       go to state 34
    return_stmt      go to state 35
    assign_stmt      go to state 36
    print_stmt       go to state 37
    finalStatements  go to state 38
    cmpd_stmt        go to state 39
    if_stmt          go to state 40
    while_stmt       go to state 41
    for_stmt         go to state 42
    func_def         go to state 43
    func_call        go to state 44


State 3

    0 $accept: StartDebugger $end .

    $default  accept


State 4

   55 finalStatements: error . T_NL

    T_NL  shift, and go to state 45


State 5

   45 return_stmt: T_Return .

    $default  reduce using rule 45 (return_stmt)


State 6

    3 constant: T_Number .

    $default  reduce using rule 3 (constant)


State 7

   38 bool_term: T_True .

    $default  reduce using rule 38 (bool_term)


State 8

   39 bool_term: T_False .

    $default  reduce using rule 39 (bool_term)


State 9

    5 term: T_ID .
    8 list_index: T_ID . T_OB constant T_CB
   46 assign_stmt: T_ID . T_EQL arith_exp
   47            | T_ID . T_EQL bool_exp
   48            | T_ID . T_EQL func_call
   49            | T_ID . T_EQL T_OB T_CB
   95 func_call: T_ID . T_OP call_args T_CP

    T_EQL  shift, and go to state 46
    T_OP   shift, and go to state 47
    T_OB   shift, and go to state 48

    $default  reduce using rule 5 (term)


State 10

   50 print_stmt: T_Print . T_OP term T_CP

    T_OP  shift, and go to state 49


State 11

    9 StartParse: T_NL . StartParse

    error     shift, and go to state 4
    T_Return  shift, and go to state 5
    T_Number  shift, and go to state 6
    T_True    shift, and go to state 7
    T_False   shift, and go to state 8
    T_ID      shift, and go to state 9
    T_Print   shift, and go to state 10
    T_NL      shift, and go to state 11
    T_Not     shift, and go to state 12
    T_String  shift, and go to state 13
    T_If      shift, and go to state 14
    T_While   shift, and go to state 15
    T_Import  shift, and go to state 16
    T_Break   shift, and go to state 17
    T_Pass    shift, and go to state 18
    T_MN      shift, and go to state 19
    T_OP      shift, and go to state 20
    T_Def     shift, and go to state 21
    T_For     shift, and go to state 22

    constant         go to state 23
    term             go to state 24
    list_index       go to state 25
    StartParse       go to state 50
    basic_stmt       go to state 27
    arith_exp        go to state 28
    bool_exp         go to state 29
    bool_term        go to state 30
    bool_factor      go to state 31
    import_stmt      go to state 32
    pass_stmt        go to state 33
    break_stmt       go to state 34
    return_stmt      go to state 35
    assign_stmt      go to state 36
    print_stmt       go to state 37
    finalStatements  go to state 38
    cmpd_stmt        go to state 39
    if_stmt          go to state 40
    while_stmt       go to state 41
    for_stmt         go to state 42
    func_def         go to state 43
    func_call        go to state 44


State 12

   40 bool_factor: T_Not . bool_factor

    T_Not  shift, and go to state 12
    T_OP   shift, and go to state 51

    bool_factor  go to state 52


State 13

    4 constant: T_String .

    $default  reduce using rule 4 (constant)


State 14

   59 if_stmt: T_If . bool_exp T_Cln start_suite
   60        | T_If . bool_exp T_Cln start_suite elif_stmts

    T_Number  shift, and go to state 6
    T_True    shift, and go to state 7
    T_False   shift, and go to state 8
    T_ID      shift, and go to state 53
    T_Not     shift, and go to state 12
    T_String  shift, and go to state 13
    T_MN      shift, and go to state 19
    T_OP      shift, and go to state 20

    constant     go to state 23
    term         go to state 24
    list_index   go to state 25
    arith_exp    go to state 54
    bool_exp     go to state 55
    bool_term    go to state 30
    bool_factor  go to state 31


State 15

   64 while_stmt: T_While . bool_exp T_Cln start_suite

    T_Number  shift, and go to state 6
    T_True    shift, and go to state 7
    T_False   shift, and go to state 8
    T_ID      shift, and go to state 53
    T_Not     shift, and go to state 12
    T_String  shift, and go to state 13
    T_MN      shift, and go to state 19
    T_OP      shift, and go to state 20

    constant     go to state 23
    term         go to state 24
    list_index   go to state 25
    arith_exp    go to state 54
    bool_exp     go to state 56
    bool_term    go to state 30
    bool_factor  go to state 31


State 16

   42 import_stmt: T_Import . T_ID

    T_ID  shift, and go to state 57


State 17

   44 break_stmt: T_Break .

    $default  reduce using rule 44 (break_stmt)


State 18

   43 pass_stmt: T_Pass .

    $default  reduce using rule 43 (pass_stmt)


State 19

   26 arith_exp: T_MN . arith_exp

    T_Number  shift, and go to state 6
    T_ID      shift, and go to state 53
    T_String  shift, and go to state 13
    T_MN      shift, and go to state 19
    T_OP      shift, and go to state 58

    constant    go to state 23
    term        go to state 24
    list_index  go to state 25
    arith_exp   go to state 59


State 20

   27 arith_exp: T_OP . arith_exp T_CP
   41 bool_factor: T_OP . bool_exp T_CP

    T_Number  shift, and go to state 6
    T_True    shift, and go to state 7
    T_False   shift, and go to state 8
    T_ID      shift, and go to state 53
    T_Not     shift, and go to state 12
    T_String  shift, and go to state 13
    T_MN      shift, and go to state 19
    T_OP      shift, and go to state 20

    constant     go to state 23
    term         go to state 24
    list_index   go to state 25
    arith_exp    go to state 60
    bool_exp     go to state 61
    bool_term    go to state 30
    bool_factor  go to state 31


State 21

   94 func_def: T_Def . T_ID $@12 T_OP args T_CP T_Cln start_suite

    T_ID  shift, and go to state 62


State 22

   65 for_stmt: T_For . T_ID T_In iterable T_Cln start_suite

    T_ID  shift, and go to state 63


State 23

    6 term: constant .

    $default  reduce using rule 6 (term)


State 24

   21 arith_exp: term .

    $default  reduce using rule 21 (arith_exp)


State 25

    7 term: list_index .

    $default  reduce using rule 7 (term)


State 26

    2 StartDebugger: $@1 StartParse . T_EndOfFile

    T_EndOfFile  shift, and go to state 64


State 27

   51 finalStatements: basic_stmt .

    $default  reduce using rule 51 (finalStatements)


State 28

   17 basic_stmt: arith_exp .
   22 arith_exp: arith_exp . T_PL arith_exp
   23          | arith_exp . T_MN arith_exp
   24          | arith_exp . T_ML arith_exp
   25          | arith_exp . T_DV arith_exp
   29 bool_exp: arith_exp . T_LT arith_exp
   31         | arith_exp . T_GT arith_exp
   32         | arith_exp . T_ELT arith_exp
   33         | arith_exp . T_EGT arith_exp
   34         | arith_exp . T_In T_ID
   37 bool_term: arith_exp . T_EQ arith_exp

    T_EQ   shift, and go to state 65
    T_GT   shift, and go to state 66
    T_LT   shift, and go to state 67
    T_EGT  shift, and go to state 68
    T_ELT  shift, and go to state 69
    T_In   shift, and go to state 70
    T_MN   shift, and go to state 71
    T_PL   shift, and go to state 72
    T_DV   shift, and go to state 73
    T_ML   shift, and go to state 74

    $default  reduce using rule 17 (basic_stmt)


State 29

   18 basic_stmt: bool_exp .

    $default  reduce using rule 18 (basic_stmt)


State 30

   28 bool_exp: bool_term . T_Or bool_term
   30         | bool_term . T_And bool_term
   35         | bool_term .

    T_Or   shift, and go to state 75
    T_And  shift, and go to state 76

    $default  reduce using rule 35 (bool_exp)


State 31

   36 bool_term: bool_factor .

    $default  reduce using rule 36 (bool_term)


State 32

   15 basic_stmt: import_stmt .

    $default  reduce using rule 15 (basic_stmt)


State 33

   13 basic_stmt: pass_stmt .

    $default  reduce using rule 13 (basic_stmt)


State 34

   14 basic_stmt: break_stmt .

    $default  reduce using rule 14 (basic_stmt)


State 35

   20 basic_stmt: return_stmt .

    $default  reduce using rule 20 (basic_stmt)


State 36

   16 basic_stmt: assign_stmt .

    $default  reduce using rule 16 (basic_stmt)


State 37

   19 basic_stmt: print_stmt .

    $default  reduce using rule 19 (basic_stmt)


State 38

   11 StartParse: finalStatements . T_NL $@2 StartParse
   12           | finalStatements . T_NL

    T_NL  shift, and go to state 77


State 39

   52 finalStatements: cmpd_stmt .

    $default  reduce using rule 52 (finalStatements)


State 40

   56 cmpd_stmt: if_stmt .

    $default  reduce using rule 56 (cmpd_stmt)


State 41

   57 cmpd_stmt: while_stmt .

    $default  reduce using rule 57 (cmpd_stmt)


State 42

   58 cmpd_stmt: for_stmt .

    $default  reduce using rule 58 (cmpd_stmt)


State 43

   53 finalStatements: func_def .

    $default  reduce using rule 53 (finalStatements)


State 44

   54 finalStatements: func_call .

    $default  reduce using rule 54 (finalStatements)


State 45

   55 finalStatements: error T_NL .

    $default  reduce using rule 55 (finalStatements)


State 46

   46 assign_stmt: T_ID T_EQL . arith_exp
   47            | T_ID T_EQL . bool_exp
   48            | T_ID T_EQL . func_call
   49            | T_ID T_EQL . T_OB T_CB

    T_Number  shift, and go to state 6
    T_True    shift, and go to state 7
    T_False   shift, and go to state 8
    T_ID      shift, and go to state 78
    T_Not     shift, and go to state 12
    T_String  shift, and go to state 13
    T_MN      shift, and go to state 19
    T_OP      shift, and go to state 20
    T_OB      shift, and go to state 79

    constant     go to state 23
    term         go to state 24
    list_index   go to state 25
    arith_exp    go to state 80
    bool_exp     go to state 81
    bool_term    go to state 30
    bool_factor  go to state 31
    func_call    go to state 82


State 47

   95 func_call: T_ID T_OP . call_args T_CP

    T_Number  shift, and go to state 83
    T_ID      shift, and go to state 84
    T_String  shift, and go to state 85

    $default  reduce using rule 92 (call_args)

    call_args  go to state 86


State 48

    8 list_index: T_ID T_OB . constant T_CB

    T_Number  shift, and go to state 6
    T_String  shift, and go to state 13

    constant  go to state 87


State 49

   50 print_stmt: T_Print T_OP . term T_CP

    T_Number  shift, and go to state 6
    T_ID      shift, and go to state 53
    T_String  shift, and go to state 13

    constant    go to state 23
    term        go to state 88
    list_index  go to state 25


State 50

    9 StartParse: T_NL StartParse .

    $default  reduce using rule 9 (StartParse)


State 51

   41 bool_factor: T_OP . bool_exp T_CP

    T_Number  shift, and go to state 6
    T_True    shift, and go to state 7
    T_False   shift, and go to state 8
    T_ID      shift, and go to state 53
    T_Not     shift, and go to state 12
    T_String  shift, and go to state 13
    T_MN      shift, and go to state 19
    T_OP      shift, and go to state 20

    constant     go to state 23
    term         go to state 24
    list_index   go to state 25
    arith_exp    go to state 54
    bool_exp     go to state 61
    bool_term    go to state 30
    bool_factor  go to state 31


State 52

   40 bool_factor: T_Not bool_factor .

    $default  reduce using rule 40 (bool_factor)


State 53

    5 term: T_ID .
    8 list_index: T_ID . T_OB constant T_CB

    T_OB  shift, and go to state 48

    $default  reduce using rule 5 (term)


State 54

   22 arith_exp: arith_exp . T_PL arith_exp
   23          | arith_exp . T_MN arith_exp
   24          | arith_exp . T_ML arith_exp
   25          | arith_exp . T_DV arith_exp
   29 bool_exp: arith_exp . T_LT arith_exp
   31         | arith_exp . T_GT arith_exp
   32         | arith_exp . T_ELT arith_exp
   33         | arith_exp . T_EGT arith_exp
   34         | arith_exp . T_In T_ID
   37 bool_term: arith_exp . T_EQ arith_exp

    T_EQ   shift, and go to state 65
    T_GT   shift, and go to state 66
    T_LT   shift, and go to state 67
    T_EGT  shift, and go to state 68
    T_ELT  shift, and go to state 69
    T_In   shift, and go to state 70
    T_MN   shift, and go to state 71
    T_PL   shift, and go to state 72
    T_DV   shift, and go to state 73
    T_ML   shift, and go to state 74


State 55

   59 if_stmt: T_If bool_exp . T_Cln start_suite
   60        | T_If bool_exp . T_Cln start_suite elif_stmts

    T_Cln  shift, and go to state 89


State 56

   64 while_stmt: T_While bool_exp . T_Cln start_suite

    T_Cln  shift, and go to state 90


State 57

   42 import_stmt: T_Import T_ID .

    $default  reduce using rule 42 (import_stmt)


State 58

   27 arith_exp: T_OP . arith_exp T_CP

    T_Number  shift, and go to state 6
    T_ID      shift, and go to state 53
    T_String  shift, and go to state 13
    T_MN      shift, and go to state 19
    T_OP      shift, and go to state 58

    constant    go to state 23
    term        go to state 24
    list_index  go to state 25
    arith_exp   go to state 91


State 59

   22 arith_exp: arith_exp . T_PL arith_exp
   23          | arith_exp . T_MN arith_exp
   24          | arith_exp . T_ML arith_exp
   25          | arith_exp . T_DV arith_exp
   26          | T_MN arith_exp .

    T_DV  shift, and go to state 73
    T_ML  shift, and go to state 74

    $default  reduce using rule 26 (arith_exp)


State 60

   22 arith_exp: arith_exp . T_PL arith_exp
   23          | arith_exp . T_MN arith_exp
   24          | arith_exp . T_ML arith_exp
   25          | arith_exp . T_DV arith_exp
   27          | T_OP arith_exp . T_CP
   29 bool_exp: arith_exp . T_LT arith_exp
   31         | arith_exp . T_GT arith_exp
   32         | arith_exp . T_ELT arith_exp
   33         | arith_exp . T_EGT arith_exp
   34         | arith_exp . T_In T_ID
   37 bool_term: arith_exp . T_EQ arith_exp

    T_EQ   shift, and go to state 65
    T_GT   shift, and go to state 66
    T_LT   shift, and go to state 67
    T_EGT  shift, and go to state 68
    T_ELT  shift, and go to state 69
    T_In   shift, and go to state 70
    T_MN   shift, and go to state 71
    T_PL   shift, and go to state 72
    T_DV   shift, and go to state 73
    T_ML   shift, and go to state 74
    T_CP   shift, and go to state 92


State 61

   41 bool_factor: T_OP bool_exp . T_CP

    T_CP  shift, and go to state 93


State 62

   94 func_def: T_Def T_ID . $@12 T_OP args T_CP T_Cln start_suite

    $default  reduce using rule 93 ($@12)

    $@12  go to state 94


State 63

   65 for_stmt: T_For T_ID . T_In iterable T_Cln start_suite

    T_In  shift, and go to state 95


State 64

    2 StartDebugger: $@1 StartParse T_EndOfFile .

    $default  reduce using rule 2 (StartDebugger)


State 65

   37 bool_term: arith_exp T_EQ . arith_exp

    T_Number  shift, and go to state 6
    T_ID      shift, and go to state 53
    T_String  shift, and go to state 13
    T_MN      shift, and go to state 19
    T_OP      shift, and go to state 58

    constant    go to state 23
    term        go to state 24
    list_index  go to state 25
    arith_exp   go to state 96


State 66

   31 bool_exp: arith_exp T_GT . arith_exp

    T_Number  shift, and go to state 6
    T_ID      shift, and go to state 53
    T_String  shift, and go to state 13
    T_MN      shift, and go to state 19
    T_OP      shift, and go to state 58

    constant    go to state 23
    term        go to state 24
    list_index  go to state 25
    arith_exp   go to state 97


State 67

   29 bool_exp: arith_exp T_LT . arith_exp

    T_Number  shift, and go to state 6
    T_ID      shift, and go to state 53
    T_String  shift, and go to state 13
    T_MN      shift, and go to state 19
    T_OP      shift, and go to state 58

    constant    go to state 23
    term        go to state 24
    list_index  go to state 25
    arith_exp   go to state 98


State 68

   33 bool_exp: arith_exp T_EGT . arith_exp

    T_Number  shift, and go to state 6
    T_ID      shift, and go to state 53
    T_String  shift, and go to state 13
    T_MN      shift, and go to state 19
    T_OP      shift, and go to state 58

    constant    go to state 23
    term        go to state 24
    list_index  go to state 25
    arith_exp   go to state 99


State 69

   32 bool_exp: arith_exp T_ELT . arith_exp

    T_Number  shift, and go to state 6
    T_ID      shift, and go to state 53
    T_String  shift, and go to state 13
    T_MN      shift, and go to state 19
    T_OP      shift, and go to state 58

    constant    go to state 23
    term        go to state 24
    list_index  go to state 25
    arith_exp   go to state 100


State 70

   34 bool_exp: arith_exp T_In . T_ID

    T_ID  shift, and go to state 101


State 71

   23 arith_exp: arith_exp T_MN . arith_exp

    T_Number  shift, and go to state 6
    T_ID      shift, and go to state 53
    T_String  shift, and go to state 13
    T_MN      shift, and go to state 19
    T_OP      shift, and go to state 58

    constant    go to state 23
    term        go to state 24
    list_index  go to state 25
    arith_exp   go to state 102


State 72

   22 arith_exp: arith_exp T_PL . arith_exp

    T_Number  shift, and go to state 6
    T_ID      shift, and go to state 53
    T_String  shift, and go to state 13
    T_MN      shift, and go to state 19
    T_OP      shift, and go to state 58

    constant    go to state 23
    term        go to state 24
    list_index  go to state 25
    arith_exp   go to state 103


State 73

   25 arith_exp: arith_exp T_DV . arith_exp

    T_Number  shift, and go to state 6
    T_ID      shift, and go to state 53
    T_String  shift, and go to state 13
    T_MN      shift, and go to state 19
    T_OP      shift, and go to state 58

    constant    go to state 23
    term        go to state 24
    list_index  go to state 25
    arith_exp   go to state 104


State 74

   24 arith_exp: arith_exp T_ML . arith_exp

    T_Number  shift, and go to state 6
    T_ID      shift, and go to state 53
    T_String  shift, and go to state 13
    T_MN      shift, and go to state 19
    T_OP      shift, and go to state 58

    constant    go to state 23
    term        go to state 24
    list_index  go to state 25
    arith_exp   go to state 105


State 75

   28 bool_exp: bool_term T_Or . bool_term

    T_Number  shift, and go to state 6
    T_True    shift, and go to state 7
    T_False   shift, and go to state 8
    T_ID      shift, and go to state 53
    T_Not     shift, and go to state 12
    T_String  shift, and go to state 13
    T_MN      shift, and go to state 19
    T_OP      shift, and go to state 20

    constant     go to state 23
    term         go to state 24
    list_index   go to state 25
    arith_exp    go to state 106
    bool_term    go to state 107
    bool_factor  go to state 31


State 76

   30 bool_exp: bool_term T_And . bool_term

    T_Number  shift, and go to state 6
    T_True    shift, and go to state 7
    T_False   shift, and go to state 8
    T_ID      shift, and go to state 53
    T_Not     shift, and go to state 12
    T_String  shift, and go to state 13
    T_MN      shift, and go to state 19
    T_OP      shift, and go to state 20

    constant     go to state 23
    term         go to state 24
    list_index   go to state 25
    arith_exp    go to state 106
    bool_term    go to state 108
    bool_factor  go to state 31


State 77

   11 StartParse: finalStatements T_NL . $@2 StartParse
   12           | finalStatements T_NL .

    T_EndOfFile  reduce using rule 12 (StartParse)
    $default     reduce using rule 10 ($@2)

    $@2  go to state 109


State 78

    5 term: T_ID .
    8 list_index: T_ID . T_OB constant T_CB
   95 func_call: T_ID . T_OP call_args T_CP

    T_OP  shift, and go to state 47
    T_OB  shift, and go to state 48

    $default  reduce using rule 5 (term)


State 79

   49 assign_stmt: T_ID T_EQL T_OB . T_CB

    T_CB  shift, and go to state 110


State 80

   22 arith_exp: arith_exp . T_PL arith_exp
   23          | arith_exp . T_MN arith_exp
   24          | arith_exp . T_ML arith_exp
   25          | arith_exp . T_DV arith_exp
   29 bool_exp: arith_exp . T_LT arith_exp
   31         | arith_exp . T_GT arith_exp
   32         | arith_exp . T_ELT arith_exp
   33         | arith_exp . T_EGT arith_exp
   34         | arith_exp . T_In T_ID
   37 bool_term: arith_exp . T_EQ arith_exp
   46 assign_stmt: T_ID T_EQL arith_exp .

    T_EQ   shift, and go to state 65
    T_GT   shift, and go to state 66
    T_LT   shift, and go to state 67
    T_EGT  shift, and go to state 68
    T_ELT  shift, and go to state 69
    T_In   shift, and go to state 70
    T_MN   shift, and go to state 71
    T_PL   shift, and go to state 72
    T_DV   shift, and go to state 73
    T_ML   shift, and go to state 74

    $default  reduce using rule 46 (assign_stmt)


State 81

   47 assign_stmt: T_ID T_EQL bool_exp .

    $default  reduce using rule 47 (assign_stmt)


State 82

   48 assign_stmt: T_ID T_EQL func_call .

    $default  reduce using rule 48 (assign_stmt)


State 83

   89 call_args: T_Number . $@10 call_list

    $default  reduce using rule 88 ($@10)

    $@10  go to state 111


State 84

   87 call_args: T_ID . $@9 call_list

    $default  reduce using rule 86 ($@9)

    $@9  go to state 112


State 85

   91 call_args: T_String . $@11 call_list

    $default  reduce using rule 90 ($@11)

    $@11  go to state 113


State 86

   95 func_call: T_ID T_OP call_args . T_CP

    T_CP  shift, and go to state 114


State 87

    8 list_index: T_ID T_OB constant . T_CB

    T_CB  shift, and go to state 115


State 88

   50 print_stmt: T_Print T_OP term . T_CP

    T_CP  shift, and go to state 116


State 89

   59 if_stmt: T_If bool_exp T_Cln . start_suite
   60        | T_If bool_exp T_Cln . start_suite elif_stmts

    T_Return  shift, and go to state 5
    T_Number  shift, and go to state 6
    T_True    shift, and go to state 7
    T_False   shift, and go to state 8
    T_ID      shift, and go to state 117
    T_Print   shift, and go to state 10
    T_NL      shift, and go to state 118
    T_Not     shift, and go to state 12
    T_String  shift, and go to state 13
    T_Import  shift, and go to state 16
    T_Break   shift, and go to state 17
    T_Pass    shift, and go to state 18
    T_MN      shift, and go to state 19
    T_OP      shift, and go to state 20

    constant     go to state 23
    term         go to state 24
    list_index   go to state 25
    basic_stmt   go to state 119
    arith_exp    go to state 28
    bool_exp     go to state 29
    bool_term    go to state 30
    bool_factor  go to state 31
    import_stmt  go to state 32
    pass_stmt    go to state 33
    break_stmt   go to state 34
    return_stmt  go to state 35
    assign_stmt  go to state 36
    print_stmt   go to state 37
    start_suite  go to state 120


State 90

   64 while_stmt: T_While bool_exp T_Cln . start_suite

    T_Return  shift, and go to state 5
    T_Number  shift, and go to state 6
    T_True    shift, and go to state 7
    T_False   shift, and go to state 8
    T_ID      shift, and go to state 117
    T_Print   shift, and go to state 10
    T_NL      shift, and go to state 118
    T_Not     shift, and go to state 12
    T_String  shift, and go to state 13
    T_Import  shift, and go to state 16
    T_Break   shift, and go to state 17
    T_Pass    shift, and go to state 18
    T_MN      shift, and go to state 19
    T_OP      shift, and go to state 20

    constant     go to state 23
    term         go to state 24
    list_index   go to state 25
    basic_stmt   go to state 119
    arith_exp    go to state 28
    bool_exp     go to state 29
    bool_term    go to state 30
    bool_factor  go to state 31
    import_stmt  go to state 32
    pass_stmt    go to state 33
    break_stmt   go to state 34
    return_stmt  go to state 35
    assign_stmt  go to state 36
    print_stmt   go to state 37
    start_suite  go to state 121


State 91

   22 arith_exp: arith_exp . T_PL arith_exp
   23          | arith_exp . T_MN arith_exp
   24          | arith_exp . T_ML arith_exp
   25          | arith_exp . T_DV arith_exp
   27          | T_OP arith_exp . T_CP

    T_MN  shift, and go to state 71
    T_PL  shift, and go to state 72
    T_DV  shift, and go to state 73
    T_ML  shift, and go to state 74
    T_CP  shift, and go to state 92


State 92

   27 arith_exp: T_OP arith_exp T_CP .

    $default  reduce using rule 27 (arith_exp)


State 93

   41 bool_factor: T_OP bool_exp T_CP .

    $default  reduce using rule 41 (bool_factor)


State 94

   94 func_def: T_Def T_ID $@12 . T_OP args T_CP T_Cln start_suite

    T_OP  shift, and go to state 122


State 95

   65 for_stmt: T_For T_ID T_In . iterable T_Cln start_suite

    T_Range  shift, and go to state 123

    iterable  go to state 124


State 96

   22 arith_exp: arith_exp . T_PL arith_exp
   23          | arith_exp . T_MN arith_exp
   24          | arith_exp . T_ML arith_exp
   25          | arith_exp . T_DV arith_exp
   37 bool_term: arith_exp T_EQ arith_exp .

    T_MN  shift, and go to state 71
    T_PL  shift, and go to state 72
    T_DV  shift, and go to state 73
    T_ML  shift, and go to state 74

    $default  reduce using rule 37 (bool_term)


State 97

   22 arith_exp: arith_exp . T_PL arith_exp
   23          | arith_exp . T_MN arith_exp
   24          | arith_exp . T_ML arith_exp
   25          | arith_exp . T_DV arith_exp
   31 bool_exp: arith_exp T_GT arith_exp .

    T_MN  shift, and go to state 71
    T_PL  shift, and go to state 72
    T_DV  shift, and go to state 73
    T_ML  shift, and go to state 74

    $default  reduce using rule 31 (bool_exp)


State 98

   22 arith_exp: arith_exp . T_PL arith_exp
   23          | arith_exp . T_MN arith_exp
   24          | arith_exp . T_ML arith_exp
   25          | arith_exp . T_DV arith_exp
   29 bool_exp: arith_exp T_LT arith_exp .

    T_MN  shift, and go to state 71
    T_PL  shift, and go to state 72
    T_DV  shift, and go to state 73
    T_ML  shift, and go to state 74

    $default  reduce using rule 29 (bool_exp)


State 99

   22 arith_exp: arith_exp . T_PL arith_exp
   23          | arith_exp . T_MN arith_exp
   24          | arith_exp . T_ML arith_exp
   25          | arith_exp . T_DV arith_exp
   33 bool_exp: arith_exp T_EGT arith_exp .

    T_MN  shift, and go to state 71
    T_PL  shift, and go to state 72
    T_DV  shift, and go to state 73
    T_ML  shift, and go to state 74

    $default  reduce using rule 33 (bool_exp)


State 100

   22 arith_exp: arith_exp . T_PL arith_exp
   23          | arith_exp . T_MN arith_exp
   24          | arith_exp . T_ML arith_exp
   25          | arith_exp . T_DV arith_exp
   32 bool_exp: arith_exp T_ELT arith_exp .

    T_MN  shift, and go to state 71
    T_PL  shift, and go to state 72
    T_DV  shift, and go to state 73
    T_ML  shift, and go to state 74

    $default  reduce using rule 32 (bool_exp)


State 101

   34 bool_exp: arith_exp T_In T_ID .

    $default  reduce using rule 34 (bool_exp)


State 102

   22 arith_exp: arith_exp . T_PL arith_exp
   23          | arith_exp . T_MN arith_exp
   23          | arith_exp T_MN arith_exp .
   24          | arith_exp . T_ML arith_exp
   25          | arith_exp . T_DV arith_exp

    T_DV  shift, and go to state 73
    T_ML  shift, and go to state 74

    $default  reduce using rule 23 (arith_exp)


State 103

   22 arith_exp: arith_exp . T_PL arith_exp
   22          | arith_exp T_PL arith_exp .
   23          | arith_exp . T_MN arith_exp
   24          | arith_exp . T_ML arith_exp
   25          | arith_exp . T_DV arith_exp

    T_DV  shift, and go to state 73
    T_ML  shift, and go to state 74

    $default  reduce using rule 22 (arith_exp)


State 104

   22 arith_exp: arith_exp . T_PL arith_exp
   23          | arith_exp . T_MN arith_exp
   24          | arith_exp . T_ML arith_exp
   25          | arith_exp . T_DV arith_exp
   25          | arith_exp T_DV arith_exp .

    $default  reduce using rule 25 (arith_exp)


State 105

   22 arith_exp: arith_exp . T_PL arith_exp
   23          | arith_exp . T_MN arith_exp
   24          | arith_exp . T_ML arith_exp
   24          | arith_exp T_ML arith_exp .
   25          | arith_exp . T_DV arith_exp

    $default  reduce using rule 24 (arith_exp)


State 106

   22 arith_exp: arith_exp . T_PL arith_exp
   23          | arith_exp . T_MN arith_exp
   24          | arith_exp . T_ML arith_exp
   25          | arith_exp . T_DV arith_exp
   37 bool_term: arith_exp . T_EQ arith_exp

    T_EQ  shift, and go to state 65
    T_MN  shift, and go to state 71
    T_PL  shift, and go to state 72
    T_DV  shift, and go to state 73
    T_ML  shift, and go to state 74


State 107

   28 bool_exp: bool_term T_Or bool_term .

    $default  reduce using rule 28 (bool_exp)


State 108

   30 bool_exp: bool_term T_And bool_term .

    $default  reduce using rule 30 (bool_exp)


State 109

   11 StartParse: finalStatements T_NL $@2 . StartParse

    error     shift, and go to state 4
    T_Return  shift, and go to state 5
    T_Number  shift, and go to state 6
    T_True    shift, and go to state 7
    T_False   shift, and go to state 8
    T_ID      shift, and go to state 9
    T_Print   shift, and go to state 10
    T_NL      shift, and go to state 11
    T_Not     shift, and go to state 12
    T_String  shift, and go to state 13
    T_If      shift, and go to state 14
    T_While   shift, and go to state 15
    T_Import  shift, and go to state 16
    T_Break   shift, and go to state 17
    T_Pass    shift, and go to state 18
    T_MN      shift, and go to state 19
    T_OP      shift, and go to state 20
    T_Def     shift, and go to state 21
    T_For     shift, and go to state 22

    constant         go to state 23
    term             go to state 24
    list_index       go to state 25
    StartParse       go to state 125
    basic_stmt       go to state 27
    arith_exp        go to state 28
    bool_exp         go to state 29
    bool_term        go to state 30
    bool_factor      go to state 31
    import_stmt      go to state 32
    pass_stmt        go to state 33
    break_stmt       go to state 34
    return_stmt      go to state 35
    assign_stmt      go to state 36
    print_stmt       go to state 37
    finalStatements  go to state 38
    cmpd_stmt        go to state 39
    if_stmt          go to state 40
    while_stmt       go to state 41
    for_stmt         go to state 42
    func_def         go to state 43
    func_call        go to state 44


State 110

   49 assign_stmt: T_ID T_EQL T_OB T_CB .

    $default  reduce using rule 49 (assign_stmt)


State 111

   89 call_args: T_Number $@10 . call_list

    T_Comma  shift, and go to state 126

    $default  reduce using rule 85 (call_list)

    call_list  go to state 127


State 112

   87 call_args: T_ID $@9 . call_list

    T_Comma  shift, and go to state 126

    $default  reduce using rule 85 (call_list)

    call_list  go to state 128


State 113

   91 call_args: T_String $@11 . call_list

    T_Comma  shift, and go to state 126

    $default  reduce using rule 85 (call_list)

    call_list  go to state 129


State 114

   95 func_call: T_ID T_OP call_args T_CP .

    $default  reduce using rule 95 (func_call)


State 115

    8 list_index: T_ID T_OB constant T_CB .

    $default  reduce using rule 8 (list_index)


State 116

   50 print_stmt: T_Print T_OP term T_CP .

    $default  reduce using rule 50 (print_stmt)


State 117

    5 term: T_ID .
    8 list_index: T_ID . T_OB constant T_CB
   46 assign_stmt: T_ID . T_EQL arith_exp
   47            | T_ID . T_EQL bool_exp
   48            | T_ID . T_EQL func_call
   49            | T_ID . T_EQL T_OB T_CB

    T_EQL  shift, and go to state 46
    T_OB   shift, and go to state 48

    $default  reduce using rule 5 (term)


State 118

   69 start_suite: T_NL . ID $@3 finalStatements suite

    ID  shift, and go to state 130


State 119

   67 start_suite: basic_stmt .

    $default  reduce using rule 67 (start_suite)


State 120

   59 if_stmt: T_If bool_exp T_Cln start_suite .
   60        | T_If bool_exp T_Cln start_suite . elif_stmts

    T_Elif  shift, and go to state 131
    T_Else  shift, and go to state 132

    T_Elif    [reduce using rule 59 (if_stmt)]
    T_Else    [reduce using rule 59 (if_stmt)]
    $default  reduce using rule 59 (if_stmt)

    elif_stmts  go to state 133
    else_stmt   go to state 134


State 121

   64 while_stmt: T_While bool_exp T_Cln start_suite .

    $default  reduce using rule 64 (while_stmt)


State 122

   94 func_def: T_Def T_ID $@12 T_OP . args T_CP T_Cln start_suite

    T_ID  shift, and go to state 135

    $default  reduce using rule 79 (args)

    args  go to state 136


State 123

   66 iterable: T_Range . T_OP constant T_Comma constant T_CP

    T_OP  shift, and go to state 137


State 124

   65 for_stmt: T_For T_ID T_In iterable . T_Cln start_suite

    T_Cln  shift, and go to state 138


State 125

   11 StartParse: finalStatements T_NL $@2 StartParse .

    $default  reduce using rule 11 (StartParse)


State 126

   84 call_list: T_Comma . term $@8 call_list

    T_Number  shift, and go to state 6
    T_ID      shift, and go to state 53
    T_String  shift, and go to state 13

    constant    go to state 23
    term        go to state 139
    list_index  go to state 25


State 127

   89 call_args: T_Number $@10 call_list .

    $default  reduce using rule 89 (call_args)


State 128

   87 call_args: T_ID $@9 call_list .

    $default  reduce using rule 87 (call_args)


State 129

   91 call_args: T_String $@11 call_list .

    $default  reduce using rule 91 (call_args)


State 130

   69 start_suite: T_NL ID . $@3 finalStatements suite

    $default  reduce using rule 68 ($@3)

    $@3  go to state 140


State 131

   62 elif_stmts: T_Elif . bool_exp T_Cln start_suite elif_stmts

    T_Number  shift, and go to state 6
    T_True    shift, and go to state 7
    T_False   shift, and go to state 8
    T_ID      shift, and go to state 53
    T_Not     shift, and go to state 12
    T_String  shift, and go to state 13
    T_MN      shift, and go to state 19
    T_OP      shift, and go to state 20

    constant     go to state 23
    term         go to state 24
    list_index   go to state 25
    arith_exp    go to state 54
    bool_exp     go to state 141
    bool_term    go to state 30
    bool_factor  go to state 31


State 132

   63 else_stmt: T_Else . T_Cln start_suite

    T_Cln  shift, and go to state 142


State 133

   60 if_stmt: T_If bool_exp T_Cln start_suite elif_stmts .

    $default  reduce using rule 60 (if_stmt)


State 134

   61 elif_stmts: else_stmt .

    $default  reduce using rule 61 (elif_stmts)


State 135

   78 args: T_ID . $@6 args_list

    $default  reduce using rule 77 ($@6)

    $@6  go to state 143


State 136

   94 func_def: T_Def T_ID $@12 T_OP args . T_CP T_Cln start_suite

    T_CP  shift, and go to state 144


State 137

   66 iterable: T_Range T_OP . constant T_Comma constant T_CP

    T_Number  shift, and go to state 6
    T_String  shift, and go to state 13

    constant  go to state 145


State 138

   65 for_stmt: T_For T_ID T_In iterable T_Cln . start_suite

    T_Return  shift, and go to state 5
    T_Number  shift, and go to state 6
    T_True    shift, and go to state 7
    T_False   shift, and go to state 8
    T_ID      shift, and go to state 117
    T_Print   shift, and go to state 10
    T_NL      shift, and go to state 118
    T_Not     shift, and go to state 12
    T_String  shift, and go to state 13
    T_Import  shift, and go to state 16
    T_Break   shift, and go to state 17
    T_Pass    shift, and go to state 18
    T_MN      shift, and go to state 19
    T_OP      shift, and go to state 20

    constant     go to state 23
    term         go to state 24
    list_index   go to state 25
    basic_stmt   go to state 119
    arith_exp    go to state 28
    bool_exp     go to state 29
    bool_term    go to state 30
    bool_factor  go to state 31
    import_stmt  go to state 32
    pass_stmt    go to state 33
    break_stmt   go to state 34
    return_stmt  go to state 35
    assign_stmt  go to state 36
    print_stmt   go to state 37
    start_suite  go to state 146


State 139

   84 call_list: T_Comma term . $@8 call_list

    $default  reduce using rule 83 ($@8)

    $@8  go to state 147


State 140

   69 start_suite: T_NL ID $@3 . finalStatements suite

    error     shift, and go to state 4
    T_Return  shift, and go to state 5
    T_Number  shift, and go to state 6
    T_True    shift, and go to state 7
    T_False   shift, and go to state 8
    T_ID      shift, and go to state 9
    T_Print   shift, and go to state 10
    T_Not     shift, and go to state 12
    T_String  shift, and go to state 13
    T_If      shift, and go to state 14
    T_While   shift, and go to state 15
    T_Import  shift, and go to state 16
    T_Break   shift, and go to state 17
    T_Pass    shift, and go to state 18
    T_MN      shift, and go to state 19
    T_OP      shift, and go to state 20
    T_Def     shift, and go to state 21
    T_For     shift, and go to state 22

    constant         go to state 23
    term             go to state 24
    list_index       go to state 25
    basic_stmt       go to state 27
    arith_exp        go to state 28
    bool_exp         go to state 29
    bool_term        go to state 30
    bool_factor      go to state 31
    import_stmt      go to state 32
    pass_stmt        go to state 33
    break_stmt       go to state 34
    return_stmt      go to state 35
    assign_stmt      go to state 36
    print_stmt       go to state 37
    finalStatements  go to state 148
    cmpd_stmt        go to state 39
    if_stmt          go to state 40
    while_stmt       go to state 41
    for_stmt         go to state 42
    func_def         go to state 43
    func_call        go to state 44


State 141

   62 elif_stmts: T_Elif bool_exp . T_Cln start_suite elif_stmts

    T_Cln  shift, and go to state 149


State 142

   63 else_stmt: T_Else T_Cln . start_suite

    T_Return  shift, and go to state 5
    T_Number  shift, and go to state 6
    T_True    shift, and go to state 7
    T_False   shift, and go to state 8
    T_ID      shift, and go to state 117
    T_Print   shift, and go to state 10
    T_NL      shift, and go to state 118
    T_Not     shift, and go to state 12
    T_String  shift, and go to state 13
    T_Import  shift, and go to state 16
    T_Break   shift, and go to state 17
    T_Pass    shift, and go to state 18
    T_MN      shift, and go to state 19
    T_OP      shift, and go to state 20

    constant     go to state 23
    term         go to state 24
    list_index   go to state 25
    basic_stmt   go to state 119
    arith_exp    go to state 28
    bool_exp     go to state 29
    bool_term    go to state 30
    bool_factor  go to state 31
    import_stmt  go to state 32
    pass_stmt    go to state 33
    break_stmt   go to state 34
    return_stmt  go to state 35
    assign_stmt  go to state 36
    print_stmt   go to state 37
    start_suite  go to state 150


State 143

   78 args: T_ID $@6 . args_list

    T_Comma  shift, and go to state 151

    $default  reduce using rule 82 (args_list)

    args_list  go to state 152


State 144

   94 func_def: T_Def T_ID $@12 T_OP args T_CP . T_Cln start_suite

    T_Cln  shift, and go to state 153


State 145

   66 iterable: T_Range T_OP constant . T_Comma constant T_CP

    T_Comma  shift, and go to state 154


State 146

   65 for_stmt: T_For T_ID T_In iterable T_Cln start_suite .

    $default  reduce using rule 65 (for_stmt)


State 147

   84 call_list: T_Comma term $@8 . call_list

    T_Comma  shift, and go to state 126

    $default  reduce using rule 85 (call_list)

    call_list  go to state 155


State 148

   69 start_suite: T_NL ID $@3 finalStatements . suite

    T_NL  shift, and go to state 156

    suite  go to state 157


State 149

   62 elif_stmts: T_Elif bool_exp T_Cln . start_suite elif_stmts

    T_Return  shift, and go to state 5
    T_Number  shift, and go to state 6
    T_True    shift, and go to state 7
    T_False   shift, and go to state 8
    T_ID      shift, and go to state 117
    T_Print   shift, and go to state 10
    T_NL      shift, and go to state 118
    T_Not     shift, and go to state 12
    T_String  shift, and go to state 13
    T_Import  shift, and go to state 16
    T_Break   shift, and go to state 17
    T_Pass    shift, and go to state 18
    T_MN      shift, and go to state 19
    T_OP      shift, and go to state 20

    constant     go to state 23
    term         go to state 24
    list_index   go to state 25
    basic_stmt   go to state 119
    arith_exp    go to state 28
    bool_exp     go to state 29
    bool_term    go to state 30
    bool_factor  go to state 31
    import_stmt  go to state 32
    pass_stmt    go to state 33
    break_stmt   go to state 34
    return_stmt  go to state 35
    assign_stmt  go to state 36
    print_stmt   go to state 37
    start_suite  go to state 158


State 150

   63 else_stmt: T_Else T_Cln start_suite .

    $default  reduce using rule 63 (else_stmt)


State 151

   81 args_list: T_Comma . T_ID $@7 args_list

    T_ID  shift, and go to state 159


State 152

   78 args: T_ID $@6 args_list .

    $default  reduce using rule 78 (args)


State 153

   94 func_def: T_Def T_ID $@12 T_OP args T_CP T_Cln . start_suite

    T_Return  shift, and go to state 5
    T_Number  shift, and go to state 6
    T_True    shift, and go to state 7
    T_False   shift, and go to state 8
    T_ID      shift, and go to state 117
    T_Print   shift, and go to state 10
    T_NL      shift, and go to state 118
    T_Not     shift, and go to state 12
    T_String  shift, and go to state 13
    T_Import  shift, and go to state 16
    T_Break   shift, and go to state 17
    T_Pass    shift, and go to state 18
    T_MN      shift, and go to state 19
    T_OP      shift, and go to state 20

    constant     go to state 23
    term         go to state 24
    list_index   go to state 25
    basic_stmt   go to state 119
    arith_exp    go to state 28
    bool_exp     go to state 29
    bool_term    go to state 30
    bool_factor  go to state 31
    import_stmt  go to state 32
    pass_stmt    go to state 33
    break_stmt   go to state 34
    return_stmt  go to state 35
    assign_stmt  go to state 36
    print_stmt   go to state 37
    start_suite  go to state 160


State 154

   66 iterable: T_Range T_OP constant T_Comma . constant T_CP

    T_Number  shift, and go to state 6
    T_String  shift, and go to state 13

    constant  go to state 161


State 155

   84 call_list: T_Comma term $@8 call_list .

    $default  reduce using rule 84 (call_list)


State 156

   70 suite: T_NL . ND finalStatements suite
   71      | T_NL . end_suite

    ND  shift, and go to state 162
    DD  shift, and go to state 163

    $default  reduce using rule 76 (end_suite)

    end_suite  go to state 164


State 157

   69 start_suite: T_NL ID $@3 finalStatements suite .

    $default  reduce using rule 69 (start_suite)


State 158

   62 elif_stmts: T_Elif bool_exp T_Cln start_suite . elif_stmts

    T_Elif  shift, and go to state 131
    T_Else  shift, and go to state 132

    elif_stmts  go to state 165
    else_stmt   go to state 134


State 159

   81 args_list: T_Comma T_ID . $@7 args_list

    $default  reduce using rule 80 ($@7)

    $@7  go to state 166


State 160

   94 func_def: T_Def T_ID $@12 T_OP args T_CP T_Cln start_suite .

    $default  reduce using rule 94 (func_def)


State 161

   66 iterable: T_Range T_OP constant T_Comma constant . T_CP

    T_CP  shift, and go to state 167


State 162

   70 suite: T_NL ND . finalStatements suite

    error     shift, and go to state 4
    T_Return  shift, and go to state 5
    T_Number  shift, and go to state 6
    T_True    shift, and go to state 7
    T_False   shift, and go to state 8
    T_ID      shift, and go to state 9
    T_Print   shift, and go to state 10
    T_Not     shift, and go to state 12
    T_String  shift, and go to state 13
    T_If      shift, and go to state 14
    T_While   shift, and go to state 15
    T_Import  shift, and go to state 16
    T_Break   shift, and go to state 17
    T_Pass    shift, and go to state 18
    T_MN      shift, and go to state 19
    T_OP      shift, and go to state 20
    T_Def     shift, and go to state 21
    T_For     shift, and go to state 22

    constant         go to state 23
    term             go to state 24
    list_index       go to state 25
    basic_stmt       go to state 27
    arith_exp        go to state 28
    bool_exp         go to state 29
    bool_term        go to state 30
    bool_factor      go to state 31
    import_stmt      go to state 32
    pass_stmt        go to state 33
    break_stmt       go to state 34
    return_stmt      go to state 35
    assign_stmt      go to state 36
    print_stmt       go to state 37
    finalStatements  go to state 168
    cmpd_stmt        go to state 39
    if_stmt          go to state 40
    while_stmt       go to state 41
    for_stmt         go to state 42
    func_def         go to state 43
    func_call        go to state 44


State 163

   73 end_suite: DD . $@4 finalStatements
   75          | DD . $@5

    T_NL      reduce using rule 74 ($@5)
    T_Elif    reduce using rule 74 ($@5)
    T_Else    reduce using rule 74 ($@5)
    $default  reduce using rule 72 ($@4)

    $@4  go to state 169
    $@5  go to state 170


State 164

   71 suite: T_NL end_suite .

    $default  reduce using rule 71 (suite)


State 165

   62 elif_stmts: T_Elif bool_exp T_Cln start_suite elif_stmts .

    $default  reduce using rule 62 (elif_stmts)


State 166

   81 args_list: T_Comma T_ID $@7 . args_list

    T_Comma  shift, and go to state 151

    $default  reduce using rule 82 (args_list)

    args_list  go to state 171


State 167

   66 iterable: T_Range T_OP constant T_Comma constant T_CP .

    $default  reduce using rule 66 (iterable)


State 168

   70 suite: T_NL ND finalStatements . suite

    T_NL  shift, and go to state 156

    suite  go to state 172


State 169

   73 end_suite: DD $@4 . finalStatements

    error     shift, and go to state 4
    T_Return  shift, and go to state 5
    T_Number  shift, and go to state 6
    T_True    shift, and go to state 7
    T_False   shift, and go to state 8
    T_ID      shift, and go to state 9
    T_Print   shift, and go to state 10
    T_Not     shift, and go to state 12
    T_String  shift, and go to state 13
    T_If      shift, and go to state 14
    T_While   shift, and go to state 15
    T_Import  shift, and go to state 16
    T_Break   shift, and go to state 17
    T_Pass    shift, and go to state 18
    T_MN      shift, and go to state 19
    T_OP      shift, and go to state 20
    T_Def     shift, and go to state 21
    T_For     shift, and go to state 22

    constant         go to state 23
    term             go to state 24
    list_index       go to state 25
    basic_stmt       go to state 27
    arith_exp        go to state 28
    bool_exp         go to state 29
    bool_term        go to state 30
    bool_factor      go to state 31
    import_stmt      go to state 32
    pass_stmt        go to state 33
    break_stmt       go to state 34
    return_stmt      go to state 35
    assign_stmt      go to state 36
    print_stmt       go to state 37
    finalStatements  go to state 173
    cmpd_stmt        go to state 39
    if_stmt          go to state 40
    while_stmt       go to state 41
    for_stmt         go to state 42
    func_def         go to state 43
    func_call        go to state 44


State 170

   75 end_suite: DD $@5 .

    $default  reduce using rule 75 (end_suite)


State 171

   81 args_list: T_Comma T_ID $@7 args_list .

    $default  reduce using rule 81 (args_list)


State 172

   70 suite: T_NL ND finalStatements suite .

    $default  reduce using rule 70 (suite)


State 173

   73 end_suite: DD $@4 finalStatements .

    $default  reduce using rule 73 (end_suite)
